Log file open, 01/04/20 19:00:14
LogWindows: Failed to load 'aqProf.dll' (GetLastError=126)
LogWindows: File 'aqProf.dll' does not exist
LogWindows: Failed to load 'VtuneApi.dll' (GetLastError=126)
LogWindows: File 'VtuneApi.dll' does not exist
LogWindows: Failed to load 'VtuneApi32e.dll' (GetLastError=126)
LogWindows: File 'VtuneApi32e.dll' does not exist
LogConsoleResponse: Display: Failed to find resolution value strings in scalability ini. Falling back to default.
LogInit: Display: Running engine for game: Networking
LogPakFile: Registered encryption key '00000000000000000000000000000000': 0 pak files mounted, 0 remain pending
LogPlatformFile: Not using cached read wrapper
LogTaskGraph: Started task graph with 5 named threads and 14 total threads with 3 sets of task threads.
LogStats: Stats thread started at 0.187348
LogD3D11RHI: Loaded GFSDK_Aftermath_Lib.x64.dll
LogICUInternationalization: ICU TimeZone Detection - Raw Offset: +0:00, Platform Override: ''
LogPluginManager: Mounting plugin Paper2D
LogPluginManager: Mounting plugin AISupport
LogPluginManager: Mounting plugin LightPropagationVolume
LogPluginManager: Mounting plugin ActorLayerUtilities
LogPluginManager: Mounting plugin AnimationSharing
LogPluginManager: Mounting plugin CLionSourceCodeAccess
LogPluginManager: Mounting plugin CodeLiteSourceCodeAccess
LogPluginManager: Mounting plugin GitSourceControl
LogPluginManager: Mounting plugin KDevelopSourceCodeAccess
LogPluginManager: Mounting plugin NullSourceCodeAccess
LogPluginManager: Mounting plugin PerforceSourceControl
LogPluginManager: Mounting plugin SubversionSourceControl
LogPluginManager: Mounting plugin UObjectPlugin
LogPluginManager: Mounting plugin VisualStudioCodeSourceCodeAccess
LogPluginManager: Mounting plugin VisualStudioSourceCodeAccess
LogPluginManager: Mounting plugin XCodeSourceCodeAccess
LogPluginManager: Mounting plugin AssetManagerEditor
LogPluginManager: Mounting plugin CryptoKeys
LogPluginManager: Mounting plugin DataValidation
LogPluginManager: Mounting plugin FacialAnimation
LogPluginManager: Mounting plugin GameplayTagsEditor
LogPluginManager: Mounting plugin MacGraphicsSwitching
LogPluginManager: Mounting plugin MaterialAnalyzer
LogPluginManager: Mounting plugin MobileLauncherProfileWizard
LogPluginManager: Mounting plugin PluginBrowser
LogPluginManager: Mounting plugin SpeedTreeImporter
LogPluginManager: Mounting plugin DatasmithContent
LogPluginManager: Mounting plugin VariantManagerContent
LogPluginManager: Mounting plugin AlembicImporter
LogPluginManager: Mounting plugin AppleImageUtils
LogPluginManager: Mounting plugin AppleVision
LogPluginManager: Mounting plugin BackChannel
LogPluginManager: Mounting plugin CharacterAI
LogPluginManager: Mounting plugin GeometryCache
LogPluginManager: Mounting plugin HTML5Networking
LogPluginManager: Mounting plugin ProxyLODPlugin
LogPluginManager: Mounting plugin SkeletalReduction
LogPluginManager: Mounting plugin MagicLeap
LogPluginManager: Mounting plugin MagicLeapMedia
LogPluginManager: Mounting plugin AndroidMedia
LogPluginManager: Mounting plugin AvfMedia
LogPluginManager: Mounting plugin ImgMedia
LogPluginManager: Mounting plugin LinearTimecode
LogPluginManager: Mounting plugin MediaCompositing
LogPluginManager: Mounting plugin MediaPlayerEditor
LogPluginManager: Mounting plugin WebMMedia
LogPluginManager: Mounting plugin WmfMedia
LogPluginManager: Mounting plugin TcpMessaging
LogPluginManager: Mounting plugin UdpMessaging
LogPluginManager: Mounting plugin ActorSequence
LogPluginManager: Mounting plugin LevelSequenceEditor
LogPluginManager: Mounting plugin MatineeToLevelSequence
LogPluginManager: Mounting plugin NetcodeUnitTest
LogPluginManager: Mounting plugin NUTUnrealEngine4
LogPluginManager: Mounting plugin OnlineSubsystemGooglePlay
LogPluginManager: Mounting plugin OnlineSubsystemIOS
LogPluginManager: Mounting plugin OnlineSubsystem
LogPluginManager: Mounting plugin OnlineSubsystemNull
LogPluginManager: Mounting plugin OnlineSubsystemUtils
LogPluginManager: Mounting plugin LauncherChunkInstaller
LogPluginManager: Mounting plugin AndroidDeviceProfileSelector
LogPluginManager: Mounting plugin AndroidMoviePlayer
LogPluginManager: Mounting plugin AndroidPermission
LogPluginManager: Mounting plugin AppleMoviePlayer
LogPluginManager: Mounting plugin ArchVisCharacter
LogPluginManager: Mounting plugin AudioCapture
LogPluginManager: Mounting plugin CableComponent
LogPluginManager: Mounting plugin CustomMeshComponent
LogPluginManager: Mounting plugin EditableMesh
LogPluginManager: Mounting plugin ExampleDeviceProfileSelector
LogPluginManager: Mounting plugin Firebase
LogPluginManager: Mounting plugin GoogleCloudMessaging
LogPluginManager: Mounting plugin IOSDeviceProfileSelector
LogPluginManager: Mounting plugin LinuxDeviceProfileSelector
LogPluginManager: Mounting plugin LocationServicesBPLibrary
LogPluginManager: Mounting plugin MobilePatchingUtils
LogPluginManager: Mounting plugin OculusVR
LogPluginManager: Mounting plugin PhysXVehicles
LogPluginManager: Mounting plugin ProceduralMeshComponent
LogPluginManager: Mounting plugin RuntimePhysXCooking
LogPluginManager: Mounting plugin SignificanceManager
LogPluginManager: Mounting plugin SteamVR
LogPluginManager: Mounting plugin WebMMoviePlayer
LogPluginManager: Mounting plugin WindowsMoviePlayer
LogInit: Using libcurl 7.55.1-DEV
LogInit:  - built for x86_64-pc-win32
LogInit:  - supports SSL with OpenSSL/1.1.1
LogInit:  - supports HTTP deflate (compression) using libz 1.2.8
LogInit:  - other features:
LogInit:      CURL_VERSION_SSL
LogInit:      CURL_VERSION_LIBZ
LogInit:      CURL_VERSION_IPV6
LogInit:      CURL_VERSION_ASYNCHDNS
LogInit:      CURL_VERSION_LARGEFILE
LogInit:      CURL_VERSION_IDN
LogInit:  CurlRequestOptions (configurable via config and command line):
LogInit:  - bVerifyPeer = true  - Libcurl will verify peer certificate
LogInit:  - bUseHttpProxy = false  - Libcurl will NOT use HTTP proxy
LogInit:  - bDontReuseConnections = false  - Libcurl will reuse connections
LogInit:  - MaxHostConnections = 16  - Libcurl will limit the number of connections to a host
LogInit:  - LocalHostAddr = Default
LogInit:  - BufferSize = 65536
LogInit: WinSock: version 1.1 (2.2), MaxSocks=32767, MaxUdp=65467
LogInit: Build: ++UE4+Release-4.22-CL-7053642
LogInit: Engine Version: 4.22.3-7053642+++UE4+Release-4.22
LogInit: Compatible Engine Version: 4.22.0-5660361+++UE4+Release-4.22
LogInit: Net CL: 5660361
LogInit: OS: Windows 10 (Release 1903) (), CPU: Intel(R) Core(TM) i5-4690K CPU @ 3.50GHz, GPU: NVIDIA GeForce GTX 1060 3GB
LogInit: Compiled (64-bit): Jun 18 2019 03:09:11
LogInit: Compiled with Visual C++: 19.16.27025.01
LogInit: Build Configuration: Development
LogInit: Branch Name: ++UE4+Release-4.22
LogInit: Command Line:  -EpicPortal -epicusername=JakeusMeakus -epicuserid=3d4489f07b3c49f5b340e86eea5735de -epiclocale=en-GB
LogInit: Base Directory: E:/UE_4.22/Engine/Binaries/Win64/
LogInit: Installed Engine Build: 1
LogDevObjectVersion: Number of dev versions registered: 23
LogDevObjectVersion:   Dev-Blueprints (B0D832E4-1F89-4F0D-ACCF-7EB736FD4AA2): 10
LogDevObjectVersion:   Dev-Build (E1C64328-A22C-4D53-A36C-8E866417BD8C): 0
LogDevObjectVersion:   Dev-Core (375EC13C-06E4-48FB-B500-84F0262A717E): 3
LogDevObjectVersion:   Dev-Editor (E4B068ED-F494-42E9-A231-DA0B2E46BB41): 30
LogDevObjectVersion:   Dev-Framework (CFFC743F-43B0-4480-9391-14DF171D2073): 35
LogDevObjectVersion:   Dev-Mobile (B02B49B5-BB20-44E9-A304-32B752E40360): 2
LogDevObjectVersion:   Dev-Networking (A4E4105C-59A1-49B5-A7C5-40C4547EDFEE): 0
LogDevObjectVersion:   Dev-Online (39C831C9-5AE6-47DC-9A44-9C173E1C8E7C): 0
LogDevObjectVersion:   Dev-Physics (78F01B33-EBEA-4F98-B9B4-84EACCB95AA2): 0
LogDevObjectVersion:   Dev-Platform (6631380F-2D4D-43E0-8009-CF276956A95A): 0
LogDevObjectVersion:   Dev-Rendering (12F88B9F-8875-4AFC-A67C-D90C383ABD29): 28
LogDevObjectVersion:   Dev-Sequencer (7B5AE74C-D270-4C10-A958-57980B212A5A): 11
LogDevObjectVersion:   Dev-VR (D7296918-1DD6-4BDD-9DE2-64A83CC13884): 2
LogDevObjectVersion:   Dev-LoadTimes (C2A15278-BFE7-4AFE-6C17-90FF531DF755): 1
LogDevObjectVersion:   Private-Geometry (6EACA3D4-40EC-4CC1-B786-8BED09428FC5): 3
LogDevObjectVersion:   Dev-AnimPhys (29E575DD-E0A3-4627-9D10-D276232CDCEA): 17
LogDevObjectVersion:   Dev-Anim (AF43A65D-7FD3-4947-9873-3E8ED9C1BB05): 2
LogDevObjectVersion:   Dev-ReflectionCapture (6B266CEC-1EC7-4B8F-A30B-E4D90942FC07): 1
LogDevObjectVersion:   Dev-Automation (0DF73D61-A23F-47EA-B727-89E90C41499A): 1
LogDevObjectVersion:   FortniteMain (601D1886-AC64-4F84-AA16-D3DE0DEAC7D6): 25
LogDevObjectVersion:   Dev-Enterprise (9DFFBCD6-494F-0158-E221-12823C92A888): 6
LogDevObjectVersion:   Dev-Niagara (F2AED0AC-9AFE-416F-8664-AA7FFA26D6FC): 1
LogDevObjectVersion:   Dev-Destruction (174F1F0B-B4C6-45A5-B13F-2EE8D0FB917D): 2
LogInit: Presizing for max 16777216 objects, including 0 objects not considered by GC, pre-allocating 0 bytes for permanent pool.
LogInit: Object subsystem initialized
LogConfig: Setting CVar [[con.DebugEarlyDefault:1]]
LogConfig: Setting CVar [[r.setres:1280x720]]
[2020.01.04-19.00.15:265][  0]LogConfig: Setting CVar [[r.VSync:0]]
[2020.01.04-19.00.15:265][  0]LogConfig: Setting CVar [[r.RHICmdBypass:0]]
[2020.01.04-19.00.15:265][  0]LogConfig: Applying CVar settings from Section [/Script/Engine.RendererSettings] File [C:/Users/JakeusMeakus/Documents/GitHub/PythonNetworking/Networking/Saved/Config/Windows/Engine.ini]
[2020.01.04-19.00.15:265][  0]LogConfig: Setting CVar [[r.GPUCrashDebugging:0]]
[2020.01.04-19.00.15:265][  0]LogConfig: Setting CVar [[r.DefaultFeature.AutoExposure.ExtendDefaultLuminanceRange:1]]
[2020.01.04-19.00.15:266][  0]LogConfig: Applying CVar settings from Section [/Script/Engine.RendererOverrideSettings] File [C:/Users/JakeusMeakus/Documents/GitHub/PythonNetworking/Networking/Saved/Config/Windows/Engine.ini]
[2020.01.04-19.00.15:266][  0]LogConfig: Applying CVar settings from Section [/Script/Engine.StreamingSettings] File [C:/Users/JakeusMeakus/Documents/GitHub/PythonNetworking/Networking/Saved/Config/Windows/Engine.ini]
[2020.01.04-19.00.15:266][  0]LogConfig: Setting CVar [[s.MinBulkDataSizeForAsyncLoading:131072]]
[2020.01.04-19.00.15:266][  0]LogConfig: Setting CVar [[s.AsyncLoadingThreadEnabled:0]]
[2020.01.04-19.00.15:266][  0]LogConfig: Setting CVar [[s.EventDrivenLoaderEnabled:1]]
[2020.01.04-19.00.15:266][  0]LogConfig: Setting CVar [[s.WarnIfTimeLimitExceeded:0]]
[2020.01.04-19.00.15:266][  0]LogConfig: Setting CVar [[s.TimeLimitExceededMultiplier:1.5]]
[2020.01.04-19.00.15:266][  0]LogConfig: Setting CVar [[s.TimeLimitExceededMinTime:0.005]]
[2020.01.04-19.00.15:266][  0]LogConfig: Setting CVar [[s.UseBackgroundLevelStreaming:1]]
[2020.01.04-19.00.15:266][  0]LogConfig: Setting CVar [[s.PriorityAsyncLoadingExtraTime:15.0]]
[2020.01.04-19.00.15:266][  0]LogConfig: Setting CVar [[s.LevelStreamingActorsUpdateTimeLimit:5.0]]
[2020.01.04-19.00.15:266][  0]LogConfig: Setting CVar [[s.PriorityLevelStreamingActorsUpdateExtraTime:5.0]]
[2020.01.04-19.00.15:266][  0]LogConfig: Setting CVar [[s.LevelStreamingComponentsRegistrationGranularity:10]]
[2020.01.04-19.00.15:266][  0]LogConfig: Setting CVar [[s.UnregisterComponentsTimeLimit:1.0]]
[2020.01.04-19.00.15:266][  0]LogConfig: Setting CVar [[s.LevelStreamingComponentsUnregistrationGranularity:5]]
[2020.01.04-19.00.15:266][  0]LogConfig: Applying CVar settings from Section [/Script/Engine.GarbageCollectionSettings] File [C:/Users/JakeusMeakus/Documents/GitHub/PythonNetworking/Networking/Saved/Config/Windows/Engine.ini]
[2020.01.04-19.00.15:266][  0]LogConfig: Setting CVar [[gc.MaxObjectsNotConsideredByGC:1]]
[2020.01.04-19.00.15:266][  0]LogConfig: Setting CVar [[gc.SizeOfPermanentObjectPool:0]]
[2020.01.04-19.00.15:266][  0]LogConfig: Setting CVar [[gc.FlushStreamingOnGC:0]]
[2020.01.04-19.00.15:266][  0]LogConfig: Setting CVar [[gc.NumRetriesBeforeForcingGC:10]]
[2020.01.04-19.00.15:266][  0]LogConfig: Setting CVar [[gc.AllowParallelGC:1]]
[2020.01.04-19.00.15:266][  0]LogConfig: Setting CVar [[gc.TimeBetweenPurgingPendingKillObjects:61.1]]
[2020.01.04-19.00.15:266][  0]LogConfig: Setting CVar [[gc.MaxObjectsInEditor:16777216]]
[2020.01.04-19.00.15:266][  0]LogConfig: Setting CVar [[gc.IncrementalBeginDestroyEnabled:1]]
[2020.01.04-19.00.15:266][  0]LogConfig: Setting CVar [[gc.CreateGCClusters:1]]
[2020.01.04-19.00.15:266][  0]LogConfig: Setting CVar [[gc.MinGCClusterSize:5]]
[2020.01.04-19.00.15:266][  0]LogConfig: Setting CVar [[gc.ActorClusteringEnabled:0]]
[2020.01.04-19.00.15:266][  0]LogConfig: Setting CVar [[gc.BlueprintClusteringEnabled:0]]
[2020.01.04-19.00.15:266][  0]LogConfig: Setting CVar [[gc.UseDisregardForGCOnDedicatedServers:0]]
[2020.01.04-19.00.15:266][  0]LogConfig: Applying CVar settings from Section [/Script/Engine.NetworkSettings] File [C:/Users/JakeusMeakus/Documents/GitHub/PythonNetworking/Networking/Saved/Config/Windows/Engine.ini]
[2020.01.04-19.00.15:266][  0]LogConfig: Applying CVar settings from Section [/Script/UnrealEd.CookerSettings] File [C:/Users/JakeusMeakus/Documents/GitHub/PythonNetworking/Networking/Saved/Config/Windows/Engine.ini]
[2020.01.04-19.00.15:274][  0]LogConfig: Applying CVar settings from Section [ViewDistanceQuality@3] File [C:/Users/JakeusMeakus/Documents/GitHub/PythonNetworking/Networking/Saved/Config/Windows/Scalability.ini]
[2020.01.04-19.00.15:274][  0]LogConfig: Setting CVar [[r.SkeletalMeshLODBias:0]]
[2020.01.04-19.00.15:274][  0]LogConfig: Setting CVar [[r.ViewDistanceScale:1.0]]
[2020.01.04-19.00.15:274][  0]LogConfig: Applying CVar settings from Section [AntiAliasingQuality@3] File [C:/Users/JakeusMeakus/Documents/GitHub/PythonNetworking/Networking/Saved/Config/Windows/Scalability.ini]
[2020.01.04-19.00.15:275][  0]LogConfig: Setting CVar [[r.PostProcessAAQuality:4]]
[2020.01.04-19.00.15:275][  0]LogConfig: Applying CVar settings from Section [ShadowQuality@3] File [C:/Users/JakeusMeakus/Documents/GitHub/PythonNetworking/Networking/Saved/Config/Windows/Scalability.ini]
[2020.01.04-19.00.15:275][  0]LogConfig: Setting CVar [[r.LightFunctionQuality:1]]
[2020.01.04-19.00.15:275][  0]LogConfig: Setting CVar [[r.ShadowQuality:5]]
[2020.01.04-19.00.15:275][  0]LogConfig: Setting CVar [[r.Shadow.CSM.MaxCascades:10]]
[2020.01.04-19.00.15:275][  0]LogConfig: Setting CVar [[r.Shadow.MaxResolution:2048]]
[2020.01.04-19.00.15:275][  0]LogConfig: Setting CVar [[r.Shadow.MaxCSMResolution:2048]]
[2020.01.04-19.00.15:275][  0]LogConfig: Setting CVar [[r.Shadow.RadiusThreshold:0.01]]
[2020.01.04-19.00.15:275][  0]LogConfig: Setting CVar [[r.Shadow.DistanceScale:1.0]]
[2020.01.04-19.00.15:275][  0]LogConfig: Setting CVar [[r.Shadow.CSM.TransitionScale:1.0]]
[2020.01.04-19.00.15:275][  0]LogConfig: Setting CVar [[r.Shadow.PreShadowResolutionFactor:1.0]]
[2020.01.04-19.00.15:275][  0]LogConfig: Setting CVar [[r.DistanceFieldShadowing:1]]
[2020.01.04-19.00.15:275][  0]LogConfig: Setting CVar [[r.DistanceFieldAO:1]]
[2020.01.04-19.00.15:275][  0]LogConfig: Setting CVar [[r.AOQuality:2]]
[2020.01.04-19.00.15:275][  0]LogConfig: Setting CVar [[r.VolumetricFog:1]]
[2020.01.04-19.00.15:275][  0]LogConfig: Setting CVar [[r.VolumetricFog.GridPixelSize:8]]
[2020.01.04-19.00.15:275][  0]LogConfig: Setting CVar [[r.VolumetricFog.GridSizeZ:128]]
[2020.01.04-19.00.15:275][  0]LogConfig: Setting CVar [[r.VolumetricFog.HistoryMissSupersampleCount:4]]
[2020.01.04-19.00.15:275][  0]LogConfig: Setting CVar [[r.LightMaxDrawDistanceScale:1]]
[2020.01.04-19.00.15:275][  0]LogConfig: Setting CVar [[r.CapsuleShadows:1]]
[2020.01.04-19.00.15:275][  0]LogConfig: Applying CVar settings from Section [PostProcessQuality@3] File [C:/Users/JakeusMeakus/Documents/GitHub/PythonNetworking/Networking/Saved/Config/Windows/Scalability.ini]
[2020.01.04-19.00.15:275][  0]LogConfig: Setting CVar [[r.MotionBlurQuality:4]]
[2020.01.04-19.00.15:275][  0]LogConfig: Setting CVar [[r.AmbientOcclusionMipLevelFactor:0.4]]
[2020.01.04-19.00.15:275][  0]LogConfig: Setting CVar [[r.AmbientOcclusionMaxQuality:100]]
[2020.01.04-19.00.15:275][  0]LogConfig: Setting CVar [[r.AmbientOcclusionLevels:-1]]
[2020.01.04-19.00.15:275][  0]LogConfig: Setting CVar [[r.AmbientOcclusionRadiusScale:1.0]]
[2020.01.04-19.00.15:275][  0]LogConfig: Setting CVar [[r.DepthOfFieldQuality:2]]
[2020.01.04-19.00.15:275][  0]LogConfig: Setting CVar [[r.RenderTargetPoolMin:400]]
[2020.01.04-19.00.15:275][  0]LogConfig: Setting CVar [[r.LensFlareQuality:2]]
[2020.01.04-19.00.15:275][  0]LogConfig: Setting CVar [[r.SceneColorFringeQuality:1]]
[2020.01.04-19.00.15:275][  0]LogConfig: Setting CVar [[r.EyeAdaptationQuality:2]]
[2020.01.04-19.00.15:275][  0]LogConfig: Setting CVar [[r.BloomQuality:5]]
[2020.01.04-19.00.15:275][  0]LogConfig: Setting CVar [[r.FastBlurThreshold:100]]
[2020.01.04-19.00.15:275][  0]LogConfig: Setting CVar [[r.Upscale.Quality:3]]
[2020.01.04-19.00.15:275][  0]LogConfig: Setting CVar [[r.Tonemapper.GrainQuantization:1]]
[2020.01.04-19.00.15:275][  0]LogConfig: Setting CVar [[r.LightShaftQuality:1]]
[2020.01.04-19.00.15:275][  0]LogConfig: Setting CVar [[r.Filter.SizeScale:1]]
[2020.01.04-19.00.15:275][  0]LogConfig: Setting CVar [[r.Tonemapper.Quality:5]]
[2020.01.04-19.00.15:275][  0]LogConfig: Setting CVar [[r.DOF.Gather.AccumulatorQuality:1        ; higher gathering accumulator quality]]
[2020.01.04-19.00.15:275][  0]LogConfig: Setting CVar [[r.DOF.Gather.PostfilterMethod:1          ; Median3x3 postfilering method]]
[2020.01.04-19.00.15:275][  0]LogConfig: Setting CVar [[r.DOF.Gather.EnableBokehSettings:0       ; no bokeh simulation when gathering]]
[2020.01.04-19.00.15:275][  0]LogConfig: Setting CVar [[r.DOF.Gather.RingCount:4                 ; medium number of samples when gathering]]
[2020.01.04-19.00.15:275][  0]LogConfig: Setting CVar [[r.DOF.Scatter.ForegroundCompositing:1    ; additive foreground scattering]]
[2020.01.04-19.00.15:275][  0]LogConfig: Setting CVar [[r.DOF.Scatter.BackgroundCompositing:2    ; additive background scattering]]
[2020.01.04-19.00.15:275][  0]LogConfig: Setting CVar [[r.DOF.Scatter.EnableBokehSettings:1      ; bokeh simulation when scattering]]
[2020.01.04-19.00.15:275][  0]LogConfig: Setting CVar [[r.DOF.Scatter.MaxSpriteRatio:0.1         ; only a maximum of 10% of scattered bokeh]]
[2020.01.04-19.00.15:275][  0]LogConfig: Setting CVar [[r.DOF.Recombine.Quality:1                ; cheap slight out of focus]]
[2020.01.04-19.00.15:275][  0]LogConfig: Setting CVar [[r.DOF.Recombine.EnableBokehSettings:0    ; no bokeh simulation on slight out of focus]]
[2020.01.04-19.00.15:275][  0]LogConfig: Setting CVar [[r.DOF.TemporalAAQuality:1                ; more stable temporal accumulation]]
[2020.01.04-19.00.15:275][  0]LogConfig: Setting CVar [[r.DOF.Kernel.MaxForegroundRadius:0.025]]
[2020.01.04-19.00.15:275][  0]LogConfig: Setting CVar [[r.DOF.Kernel.MaxBackgroundRadius:0.025]]
[2020.01.04-19.00.15:275][  0]LogConfig: Applying CVar settings from Section [TextureQuality@3] File [C:/Users/JakeusMeakus/Documents/GitHub/PythonNetworking/Networking/Saved/Config/Windows/Scalability.ini]
[2020.01.04-19.00.15:275][  0]LogConfig: Setting CVar [[r.Streaming.MipBias:0]]
[2020.01.04-19.00.15:275][  0]LogConfig: Setting CVar [[r.Streaming.AmortizeCPUToGPUCopy:0]]
[2020.01.04-19.00.15:275][  0]LogConfig: Setting CVar [[r.Streaming.MaxNumTexturesToStreamPerFrame:0]]
[2020.01.04-19.00.15:275][  0]LogConfig: Setting CVar [[r.Streaming.Boost:1]]
[2020.01.04-19.00.15:275][  0]LogConfig: Setting CVar [[r.MaxAnisotropy:8]]
[2020.01.04-19.00.15:275][  0]LogConfig: Setting CVar [[r.Streaming.LimitPoolSizeToVRAM:0]]
[2020.01.04-19.00.15:275][  0]LogConfig: Setting CVar [[r.Streaming.PoolSize:1000]]
[2020.01.04-19.00.15:275][  0]LogConfig: Setting CVar [[r.Streaming.MaxEffectiveScreenSize:0]]
[2020.01.04-19.00.15:275][  0]LogConfig: Applying CVar settings from Section [EffectsQuality@3] File [C:/Users/JakeusMeakus/Documents/GitHub/PythonNetworking/Networking/Saved/Config/Windows/Scalability.ini]
[2020.01.04-19.00.15:275][  0]LogConfig: Setting CVar [[r.TranslucencyLightingVolumeDim:64]]
[2020.01.04-19.00.15:275][  0]LogConfig: Setting CVar [[r.RefractionQuality:2]]
[2020.01.04-19.00.15:275][  0]LogConfig: Setting CVar [[r.SSR.Quality:3]]
[2020.01.04-19.00.15:275][  0]LogConfig: Setting CVar [[r.SceneColorFormat:4]]
[2020.01.04-19.00.15:275][  0]LogConfig: Setting CVar [[r.DetailMode:2]]
[2020.01.04-19.00.15:275][  0]LogConfig: Setting CVar [[r.TranslucencyVolumeBlur:1]]
[2020.01.04-19.00.15:275][  0]LogConfig: Setting CVar [[r.MaterialQualityLevel:1 ; High quality]]
[2020.01.04-19.00.15:275][  0]LogConfig: Setting CVar [[r.SSS.Scale:1]]
[2020.01.04-19.00.15:275][  0]LogConfig: Setting CVar [[r.SSS.SampleSet:2]]
[2020.01.04-19.00.15:275][  0]LogConfig: Setting CVar [[r.SSS.Quality:1]]
[2020.01.04-19.00.15:276][  0]LogConfig: Setting CVar [[r.SSS.HalfRes:1]]
[2020.01.04-19.00.15:276][  0]LogConfig: Setting CVar [[r.EmitterSpawnRateScale:1.0]]
[2020.01.04-19.00.15:276][  0]LogConfig: Setting CVar [[r.ParticleLightQuality:2]]
[2020.01.04-19.00.15:276][  0]LogConfig: Applying CVar settings from Section [FoliageQuality@3] File [C:/Users/JakeusMeakus/Documents/GitHub/PythonNetworking/Networking/Saved/Config/Windows/Scalability.ini]
[2020.01.04-19.00.15:276][  0]LogConfig: Setting CVar [[foliage.DensityScale:1.0]]
[2020.01.04-19.00.15:276][  0]LogConfig: Setting CVar [[grass.DensityScale:1.0]]
[2020.01.04-19.00.15:276][  0]LogInit: Selected Device Profile: [Windows]
[2020.01.04-19.00.15:276][  0]LogInit: Applying CVar settings loaded from the selected device profile: [Windows]
[2020.01.04-19.00.15:284][  0]LogHAL: Display: Platform has ~ 24 GB [25709793280 / 34359738368 / 24], which maps to Larger [LargestMinGB=32, LargerMinGB=12, DefaultMinGB=8, SmallerMinGB=6, SmallestMinGB=0)
[2020.01.04-19.00.15:284][  0]LogConfig: Setting CVar [[r.Vulkan.UseRealUBs:0		; Required until we fix HLR fall-out]]
[2020.01.04-19.00.15:284][  0]LogInit: Going up to parent DeviceProfile []
[2020.01.04-19.00.15:284][  0]LogConfig: Applying CVar settings from Section [ViewDistanceQuality@3] File [C:/Users/JakeusMeakus/Documents/GitHub/PythonNetworking/Networking/Saved/Config/Windows/Scalability.ini]
[2020.01.04-19.00.15:284][  0]LogConfig: Setting CVar [[r.SkeletalMeshLODBias:0]]
[2020.01.04-19.00.15:284][  0]LogConfig: Setting CVar [[r.ViewDistanceScale:1.0]]
[2020.01.04-19.00.15:284][  0]LogConfig: Applying CVar settings from Section [AntiAliasingQuality@3] File [C:/Users/JakeusMeakus/Documents/GitHub/PythonNetworking/Networking/Saved/Config/Windows/Scalability.ini]
[2020.01.04-19.00.15:284][  0]LogConfig: Setting CVar [[r.PostProcessAAQuality:4]]
[2020.01.04-19.00.15:284][  0]LogConfig: Applying CVar settings from Section [ShadowQuality@3] File [C:/Users/JakeusMeakus/Documents/GitHub/PythonNetworking/Networking/Saved/Config/Windows/Scalability.ini]
[2020.01.04-19.00.15:284][  0]LogConfig: Setting CVar [[r.LightFunctionQuality:1]]
[2020.01.04-19.00.15:284][  0]LogConfig: Setting CVar [[r.ShadowQuality:5]]
[2020.01.04-19.00.15:284][  0]LogConfig: Setting CVar [[r.Shadow.CSM.MaxCascades:10]]
[2020.01.04-19.00.15:284][  0]LogConfig: Setting CVar [[r.Shadow.MaxResolution:2048]]
[2020.01.04-19.00.15:284][  0]LogConfig: Setting CVar [[r.Shadow.MaxCSMResolution:2048]]
[2020.01.04-19.00.15:284][  0]LogConfig: Setting CVar [[r.Shadow.RadiusThreshold:0.01]]
[2020.01.04-19.00.15:284][  0]LogConfig: Setting CVar [[r.Shadow.DistanceScale:1.0]]
[2020.01.04-19.00.15:284][  0]LogConfig: Setting CVar [[r.Shadow.CSM.TransitionScale:1.0]]
[2020.01.04-19.00.15:284][  0]LogConfig: Setting CVar [[r.Shadow.PreShadowResolutionFactor:1.0]]
[2020.01.04-19.00.15:284][  0]LogConfig: Setting CVar [[r.DistanceFieldShadowing:1]]
[2020.01.04-19.00.15:284][  0]LogConfig: Setting CVar [[r.DistanceFieldAO:1]]
[2020.01.04-19.00.15:284][  0]LogConfig: Setting CVar [[r.AOQuality:2]]
[2020.01.04-19.00.15:284][  0]LogConfig: Setting CVar [[r.VolumetricFog:1]]
[2020.01.04-19.00.15:284][  0]LogConfig: Setting CVar [[r.VolumetricFog.GridPixelSize:8]]
[2020.01.04-19.00.15:284][  0]LogConfig: Setting CVar [[r.VolumetricFog.GridSizeZ:128]]
[2020.01.04-19.00.15:284][  0]LogConfig: Setting CVar [[r.VolumetricFog.HistoryMissSupersampleCount:4]]
[2020.01.04-19.00.15:284][  0]LogConfig: Setting CVar [[r.LightMaxDrawDistanceScale:1]]
[2020.01.04-19.00.15:284][  0]LogConfig: Setting CVar [[r.CapsuleShadows:1]]
[2020.01.04-19.00.15:284][  0]LogConfig: Applying CVar settings from Section [PostProcessQuality@3] File [C:/Users/JakeusMeakus/Documents/GitHub/PythonNetworking/Networking/Saved/Config/Windows/Scalability.ini]
[2020.01.04-19.00.15:285][  0]LogConfig: Setting CVar [[r.MotionBlurQuality:4]]
[2020.01.04-19.00.15:285][  0]LogConfig: Setting CVar [[r.AmbientOcclusionMipLevelFactor:0.4]]
[2020.01.04-19.00.15:285][  0]LogConfig: Setting CVar [[r.AmbientOcclusionMaxQuality:100]]
[2020.01.04-19.00.15:285][  0]LogConfig: Setting CVar [[r.AmbientOcclusionLevels:-1]]
[2020.01.04-19.00.15:285][  0]LogConfig: Setting CVar [[r.AmbientOcclusionRadiusScale:1.0]]
[2020.01.04-19.00.15:285][  0]LogConfig: Setting CVar [[r.DepthOfFieldQuality:2]]
[2020.01.04-19.00.15:285][  0]LogConfig: Setting CVar [[r.RenderTargetPoolMin:400]]
[2020.01.04-19.00.15:285][  0]LogConfig: Setting CVar [[r.LensFlareQuality:2]]
[2020.01.04-19.00.15:285][  0]LogConfig: Setting CVar [[r.SceneColorFringeQuality:1]]
[2020.01.04-19.00.15:285][  0]LogConfig: Setting CVar [[r.EyeAdaptationQuality:2]]
[2020.01.04-19.00.15:285][  0]LogConfig: Setting CVar [[r.BloomQuality:5]]
[2020.01.04-19.00.15:285][  0]LogConfig: Setting CVar [[r.FastBlurThreshold:100]]
[2020.01.04-19.00.15:285][  0]LogConfig: Setting CVar [[r.Upscale.Quality:3]]
[2020.01.04-19.00.15:285][  0]LogConfig: Setting CVar [[r.Tonemapper.GrainQuantization:1]]
[2020.01.04-19.00.15:285][  0]LogConfig: Setting CVar [[r.LightShaftQuality:1]]
[2020.01.04-19.00.15:285][  0]LogConfig: Setting CVar [[r.Filter.SizeScale:1]]
[2020.01.04-19.00.15:285][  0]LogConfig: Setting CVar [[r.Tonemapper.Quality:5]]
[2020.01.04-19.00.15:285][  0]LogConfig: Setting CVar [[r.DOF.Gather.AccumulatorQuality:1        ; higher gathering accumulator quality]]
[2020.01.04-19.00.15:285][  0]LogConfig: Setting CVar [[r.DOF.Gather.PostfilterMethod:1          ; Median3x3 postfilering method]]
[2020.01.04-19.00.15:285][  0]LogConfig: Setting CVar [[r.DOF.Gather.EnableBokehSettings:0       ; no bokeh simulation when gathering]]
[2020.01.04-19.00.15:285][  0]LogConfig: Setting CVar [[r.DOF.Gather.RingCount:4                 ; medium number of samples when gathering]]
[2020.01.04-19.00.15:285][  0]LogConfig: Setting CVar [[r.DOF.Scatter.ForegroundCompositing:1    ; additive foreground scattering]]
[2020.01.04-19.00.15:285][  0]LogConfig: Setting CVar [[r.DOF.Scatter.BackgroundCompositing:2    ; additive background scattering]]
[2020.01.04-19.00.15:285][  0]LogConfig: Setting CVar [[r.DOF.Scatter.EnableBokehSettings:1      ; bokeh simulation when scattering]]
[2020.01.04-19.00.15:285][  0]LogConfig: Setting CVar [[r.DOF.Scatter.MaxSpriteRatio:0.1         ; only a maximum of 10% of scattered bokeh]]
[2020.01.04-19.00.15:285][  0]LogConfig: Setting CVar [[r.DOF.Recombine.Quality:1                ; cheap slight out of focus]]
[2020.01.04-19.00.15:285][  0]LogConfig: Setting CVar [[r.DOF.Recombine.EnableBokehSettings:0    ; no bokeh simulation on slight out of focus]]
[2020.01.04-19.00.15:285][  0]LogConfig: Setting CVar [[r.DOF.TemporalAAQuality:1                ; more stable temporal accumulation]]
[2020.01.04-19.00.15:285][  0]LogConfig: Setting CVar [[r.DOF.Kernel.MaxForegroundRadius:0.025]]
[2020.01.04-19.00.15:285][  0]LogConfig: Setting CVar [[r.DOF.Kernel.MaxBackgroundRadius:0.025]]
[2020.01.04-19.00.15:285][  0]LogConfig: Applying CVar settings from Section [TextureQuality@3] File [C:/Users/JakeusMeakus/Documents/GitHub/PythonNetworking/Networking/Saved/Config/Windows/Scalability.ini]
[2020.01.04-19.00.15:285][  0]LogConfig: Setting CVar [[r.Streaming.MipBias:0]]
[2020.01.04-19.00.15:285][  0]LogConfig: Setting CVar [[r.Streaming.AmortizeCPUToGPUCopy:0]]
[2020.01.04-19.00.15:285][  0]LogConfig: Setting CVar [[r.Streaming.MaxNumTexturesToStreamPerFrame:0]]
[2020.01.04-19.00.15:285][  0]LogConfig: Setting CVar [[r.Streaming.Boost:1]]
[2020.01.04-19.00.15:285][  0]LogConfig: Setting CVar [[r.MaxAnisotropy:8]]
[2020.01.04-19.00.15:285][  0]LogConfig: Setting CVar [[r.Streaming.LimitPoolSizeToVRAM:0]]
[2020.01.04-19.00.15:285][  0]LogConfig: Setting CVar [[r.Streaming.PoolSize:1000]]
[2020.01.04-19.00.15:285][  0]LogConfig: Setting CVar [[r.Streaming.MaxEffectiveScreenSize:0]]
[2020.01.04-19.00.15:285][  0]LogConfig: Applying CVar settings from Section [EffectsQuality@3] File [C:/Users/JakeusMeakus/Documents/GitHub/PythonNetworking/Networking/Saved/Config/Windows/Scalability.ini]
[2020.01.04-19.00.15:285][  0]LogConfig: Setting CVar [[r.TranslucencyLightingVolumeDim:64]]
[2020.01.04-19.00.15:285][  0]LogConfig: Setting CVar [[r.RefractionQuality:2]]
[2020.01.04-19.00.15:285][  0]LogConfig: Setting CVar [[r.SSR.Quality:3]]
[2020.01.04-19.00.15:285][  0]LogConfig: Setting CVar [[r.SceneColorFormat:4]]
[2020.01.04-19.00.15:285][  0]LogConfig: Setting CVar [[r.DetailMode:2]]
[2020.01.04-19.00.15:285][  0]LogConfig: Setting CVar [[r.TranslucencyVolumeBlur:1]]
[2020.01.04-19.00.15:285][  0]LogConfig: Setting CVar [[r.MaterialQualityLevel:1 ; High quality]]
[2020.01.04-19.00.15:285][  0]LogConfig: Setting CVar [[r.SSS.Scale:1]]
[2020.01.04-19.00.15:285][  0]LogConfig: Setting CVar [[r.SSS.SampleSet:2]]
[2020.01.04-19.00.15:285][  0]LogConfig: Setting CVar [[r.SSS.Quality:1]]
[2020.01.04-19.00.15:285][  0]LogConfig: Setting CVar [[r.SSS.HalfRes:1]]
[2020.01.04-19.00.15:285][  0]LogConfig: Setting CVar [[r.EmitterSpawnRateScale:1.0]]
[2020.01.04-19.00.15:285][  0]LogConfig: Setting CVar [[r.ParticleLightQuality:2]]
[2020.01.04-19.00.15:285][  0]LogConfig: Applying CVar settings from Section [FoliageQuality@3] File [C:/Users/JakeusMeakus/Documents/GitHub/PythonNetworking/Networking/Saved/Config/Windows/Scalability.ini]
[2020.01.04-19.00.15:285][  0]LogConfig: Setting CVar [[foliage.DensityScale:1.0]]
[2020.01.04-19.00.15:285][  0]LogConfig: Setting CVar [[grass.DensityScale:1.0]]
[2020.01.04-19.00.15:285][  0]LogConfig: Applying CVar settings from Section [Startup] File [../../../Engine/Config/ConsoleVariables.ini]
[2020.01.04-19.00.15:286][  0]LogConfig: Setting CVar [[net.UseAdaptiveNetUpdateFrequency:0]]
[2020.01.04-19.00.15:286][  0]LogConfig: Setting CVar [[p.chaos.AllowCreatePhysxBodies:1]]
[2020.01.04-19.00.15:286][  0]LogConfig: Applying CVar settings from Section [ConsoleVariables] File [C:/Users/JakeusMeakus/Documents/GitHub/PythonNetworking/Networking/Saved/Config/Windows/Engine.ini]
[2020.01.04-19.00.15:286][  0]LogInit: Computer: JAKES-HADES
[2020.01.04-19.00.15:286][  0]LogInit: User: JakeusMeakus
[2020.01.04-19.00.15:286][  0]LogInit: CPU Page size=4096, Cores=4
[2020.01.04-19.00.15:286][  0]LogInit: High frequency timer resolution =10.000000 MHz
[2020.01.04-19.00.15:286][  0]LogMemory: Memory total: Physical=23.9GB (24GB approx)
[2020.01.04-19.00.15:286][  0]LogMemory: Platform Memory Stats for Windows
[2020.01.04-19.00.15:286][  0]LogMemory: Process Physical Memory: 96.60 MB used, 96.61 MB peak
[2020.01.04-19.00.15:286][  0]LogMemory: Process Virtual Memory: 83.89 MB used, 83.89 MB peak
[2020.01.04-19.00.15:286][  0]LogMemory: Physical Memory: 8016.46 MB used,  16502.31 MB free, 24518.77 MB total
[2020.01.04-19.00.15:286][  0]LogMemory: Virtual Memory: 4610.67 MB used,  134213120.00 MB free, 134217728.00 MB total
[2020.01.04-19.00.15:322][  0]LogInit: Using OS detected language (en-GB).
[2020.01.04-19.00.15:322][  0]LogInit: Using OS detected locale (en-GB).
[2020.01.04-19.00.15:324][  0]LogTextLocalizationManager: No specific localization for 'en-GB' exists, so the 'en' localization will be used.
[2020.01.04-19.00.15:758][  0]LogSlate: New Slate User Created.  User Index 0, Is Virtual User: 0
[2020.01.04-19.00.15:758][  0]LogSlate: Slate User Registered.  User Index 0, Is Virtual User: 0
[2020.01.04-19.00.16:137][  0]LogHMD: Failed to initialize OpenVR with code 110
[2020.01.04-19.00.16:137][  0]LogD3D11RHI: D3D11 adapters:
[2020.01.04-19.00.16:215][  0]LogD3D11RHI:    0. 'NVIDIA GeForce GTX 1060 3GB' (Feature Level 11_0)
[2020.01.04-19.00.16:215][  0]LogD3D11RHI:       2988/0/12259 MB DedicatedVideo/DedicatedSystem/SharedSystem, Outputs:2, VendorId:0x10de
[2020.01.04-19.00.16:218][  0]LogD3D11RHI:    1. 'Microsoft Basic Render Driver' (Feature Level 11_0)
[2020.01.04-19.00.16:218][  0]LogD3D11RHI:       0/0/12259 MB DedicatedVideo/DedicatedSystem/SharedSystem, Outputs:0, VendorId:0x1414
[2020.01.04-19.00.16:218][  0]LogD3D11RHI: Chosen D3D11 Adapter: 0
[2020.01.04-19.00.16:226][  0]LogD3D11RHI: Creating new Direct3DDevice
[2020.01.04-19.00.16:227][  0]LogD3D11RHI:     GPU DeviceId: 0x1c02 (for the marketing name, search the web for "GPU Device Id")
[2020.01.04-19.00.16:227][  0]LogWindows: EnumDisplayDevices:
[2020.01.04-19.00.16:227][  0]LogWindows:    0. 'NVIDIA GeForce GTX 1060 3GB' (P:1 D:1)
[2020.01.04-19.00.16:228][  0]LogWindows:    1. 'NVIDIA GeForce GTX 1060 3GB' (P:0 D:1)
[2020.01.04-19.00.16:228][  0]LogWindows:    2. 'NVIDIA GeForce GTX 1060 3GB' (P:0 D:0)
[2020.01.04-19.00.16:229][  0]LogWindows:    3. 'NVIDIA GeForce GTX 1060 3GB' (P:0 D:0)
[2020.01.04-19.00.16:229][  0]LogWindows: DebugString: FoundDriverCount:4 
[2020.01.04-19.00.16:229][  0]LogD3D11RHI:     Adapter Name: NVIDIA GeForce GTX 1060 3GB
[2020.01.04-19.00.16:229][  0]LogD3D11RHI:   Driver Version: 441.66 (internal:26.21.14.4166, unified:441.66)
[2020.01.04-19.00.16:229][  0]LogD3D11RHI:      Driver Date: 12-6-2019
[2020.01.04-19.00.16:229][  0]LogRHI: Texture pool is 2091 MB (70% of 2988 MB)
[2020.01.04-19.00.16:280][  0]LogD3D11RHI: Async texture creation enabled
[2020.01.04-19.00.16:291][  0]LogRendererCore: FGlobalReadBuffer::InitRHI
[2020.01.04-19.00.16:291][  0]LogRendererCore: FGlobalReadBuffer::InitRHI
[2020.01.04-19.00.16:291][  0]LogRendererCore: FGlobalReadBuffer::InitRHI
[2020.01.04-19.00.16:300][  0]LogD3D11RHI: GPU Timing Frequency: 1000.000000 (Debug: 2 1)
[2020.01.04-19.00.16:693][  0]LogTemp: Display: Module 'AllDesktopTargetPlatform' loaded TargetPlatform 'AllDesktop'
[2020.01.04-19.00.16:707][  0]LogTemp: Display: Module 'MacClientTargetPlatform' loaded TargetPlatform 'MacClient'
[2020.01.04-19.00.16:722][  0]LogTemp: Display: Module 'MacNoEditorTargetPlatform' loaded TargetPlatform 'MacNoEditor'
[2020.01.04-19.00.16:737][  0]LogTemp: Display: Module 'MacServerTargetPlatform' loaded TargetPlatform 'MacServer'
[2020.01.04-19.00.16:753][  0]LogTemp: Display: Module 'MacTargetPlatform' loaded TargetPlatform 'Mac'
[2020.01.04-19.00.16:768][  0]LogTemp: Display: Module 'WindowsClientTargetPlatform' loaded TargetPlatform 'WindowsClient'
[2020.01.04-19.00.16:782][  0]LogTemp: Display: Module 'WindowsNoEditorTargetPlatform' loaded TargetPlatform 'WindowsNoEditor'
[2020.01.04-19.00.16:798][  0]LogTemp: Display: Module 'WindowsServerTargetPlatform' loaded TargetPlatform 'WindowsServer'
[2020.01.04-19.00.16:806][  0]LogTemp: Display: Module 'WindowsTargetPlatform' loaded TargetPlatform 'Windows'
[2020.01.04-19.00.16:889][  0]LogTemp: Display: Module 'AndroidTargetPlatform' loaded TargetPlatform 'Android'
[2020.01.04-19.00.16:889][  0]LogTemp: Display: Module 'AndroidTargetPlatform' loaded TargetPlatform 'Android_ASTC'
[2020.01.04-19.00.16:889][  0]LogTemp: Display: Module 'AndroidTargetPlatform' loaded TargetPlatform 'Android_ATC'
[2020.01.04-19.00.16:889][  0]LogTemp: Display: Module 'AndroidTargetPlatform' loaded TargetPlatform 'Android_DXT'
[2020.01.04-19.00.16:889][  0]LogTemp: Display: Module 'AndroidTargetPlatform' loaded TargetPlatform 'Android_ETC1'
[2020.01.04-19.00.16:889][  0]LogTemp: Display: Module 'AndroidTargetPlatform' loaded TargetPlatform 'Android_ETC1a'
[2020.01.04-19.00.16:889][  0]LogTemp: Display: Module 'AndroidTargetPlatform' loaded TargetPlatform 'Android_ETC2'
[2020.01.04-19.00.16:890][  0]LogTemp: Display: Module 'AndroidTargetPlatform' loaded TargetPlatform 'Android_PVRTC'
[2020.01.04-19.00.16:890][  0]LogTemp: Display: Module 'AndroidTargetPlatform' loaded TargetPlatform 'AndroidClient'
[2020.01.04-19.00.16:890][  0]LogTemp: Display: Module 'AndroidTargetPlatform' loaded TargetPlatform 'Android_ASTCClient'
[2020.01.04-19.00.16:890][  0]LogTemp: Display: Module 'AndroidTargetPlatform' loaded TargetPlatform 'Android_ATCClient'
[2020.01.04-19.00.16:890][  0]LogTemp: Display: Module 'AndroidTargetPlatform' loaded TargetPlatform 'Android_DXTClient'
[2020.01.04-19.00.16:890][  0]LogTemp: Display: Module 'AndroidTargetPlatform' loaded TargetPlatform 'Android_ETC1Client'
[2020.01.04-19.00.16:890][  0]LogTemp: Display: Module 'AndroidTargetPlatform' loaded TargetPlatform 'Android_ETC1aClient'
[2020.01.04-19.00.16:890][  0]LogTemp: Display: Module 'AndroidTargetPlatform' loaded TargetPlatform 'Android_ETC2Client'
[2020.01.04-19.00.16:890][  0]LogTemp: Display: Module 'AndroidTargetPlatform' loaded TargetPlatform 'Android_PVRTCClient'
[2020.01.04-19.00.16:890][  0]LogTemp: Display: Module 'AndroidTargetPlatform' loaded TargetPlatform 'Android_Multi'
[2020.01.04-19.00.16:890][  0]LogTemp: Display: Module 'AndroidTargetPlatform' loaded TargetPlatform 'Android_MultiClient'
[2020.01.04-19.00.16:892][  0]LogTemp: Display: Module 'HTML5TargetPlatform' loaded TargetPlatform 'HTML5'
[2020.01.04-19.00.16:945][  0]LogTemp: Display: Module 'IOSTargetPlatform' loaded TargetPlatform 'IOSClient'
[2020.01.04-19.00.16:945][  0]LogTemp: Display: Module 'IOSTargetPlatform' loaded TargetPlatform 'IOS'
[2020.01.04-19.00.16:969][  0]LogTemp: Display: Module 'TVOSTargetPlatform' loaded TargetPlatform 'TVOSClient'
[2020.01.04-19.00.16:969][  0]LogTemp: Display: Module 'TVOSTargetPlatform' loaded TargetPlatform 'TVOS'
[2020.01.04-19.00.16:982][  0]LogTemp: Display: Module 'LinuxClientTargetPlatform' loaded TargetPlatform 'LinuxClient'
[2020.01.04-19.00.16:996][  0]LogTemp: Display: Module 'LinuxNoEditorTargetPlatform' loaded TargetPlatform 'LinuxNoEditor'
[2020.01.04-19.00.17:009][  0]LogTemp: Display: Module 'LinuxServerTargetPlatform' loaded TargetPlatform 'LinuxServer'
[2020.01.04-19.00.17:023][  0]LogTemp: Display: Module 'LinuxTargetPlatform' loaded TargetPlatform 'Linux'
[2020.01.04-19.00.17:071][  0]LogTemp: Display: Module 'LuminTargetPlatform' loaded TargetPlatform 'Lumin'
[2020.01.04-19.00.17:071][  0]LogTemp: Display: Module 'LuminTargetPlatform' loaded TargetPlatform 'LuminClient'
[2020.01.04-19.00.17:071][  0]LogTargetPlatformManager: Display: Building Assets For Windows
[2020.01.04-19.00.17:082][  0]LogAudioDebug: Display: Lib vorbis DLL was dynamically loaded.
[2020.01.04-19.00.17:140][  0]LogShaderCompilers: Guid format shader working directory is -13 characters bigger than the processId version (C:/Users/JakeusMeakus/Documents/GitHub/PythonNetworking/Networking/Intermediate/Shaders/WorkingDirectory/9532/).
[2020.01.04-19.00.17:141][  0]LogShaderCompilers: Cleaned the shader compiler working directory 'C:/Users/JakeusMeakus/AppData/Local/Temp/UnrealShaderWorkingDir/678A5F4B4EBB0BD835203DB46A56B2D2/'.
[2020.01.04-19.00.17:144][  0]LogXGEController: Cleaning working directory: C:/Users/JakeusMeakus/AppData/Local/Temp/UnrealXGEWorkingDir/
[2020.01.04-19.00.17:144][  0]LogXGEController: Cannot use XGE Controller as Incredibuild is not installed on this machine.
[2020.01.04-19.00.17:144][  0]LogShaderCompilers: Cannot use XGE Shader Compiler as Incredibuild is not installed on this machine.
[2020.01.04-19.00.17:144][  0]LogShaderCompilers: Display: Using Local Shader Compiler.
[2020.01.04-19.00.17:742][  0]LogDerivedDataCache: Display: Max Cache Size: 512 MB
[2020.01.04-19.00.17:792][  0]LogDerivedDataCache: Loaded boot cache 0.05s 71MB C:/Users/JakeusMeakus/AppData/Local/UnrealEngine/4.22/DerivedDataCache/Boot.ddc.
[2020.01.04-19.00.17:792][  0]LogDerivedDataCache: Display: Loaded Boot cache: C:/Users/JakeusMeakus/AppData/Local/UnrealEngine/4.22/DerivedDataCache/Boot.ddc
[2020.01.04-19.00.17:792][  0]LogDerivedDataCache: FDerivedDataBackendGraph:  Pak pak cache file C:/Users/JakeusMeakus/Documents/GitHub/PythonNetworking/Networking/DerivedDataCache/DDC.ddp not found, will not use a pak cache.
[2020.01.04-19.00.17:792][  0]LogDerivedDataCache: Unable to find inner node Pak for hierarchical cache Hierarchy.
[2020.01.04-19.00.17:792][  0]LogDerivedDataCache: FDerivedDataBackendGraph:  CompressedPak pak cache file C:/Users/JakeusMeakus/Documents/GitHub/PythonNetworking/Networking/DerivedDataCache/Compressed.ddp not found, will not use a pak cache.
[2020.01.04-19.00.17:792][  0]LogDerivedDataCache: Unable to find inner node CompressedPak for hierarchical cache Hierarchy.
[2020.01.04-19.00.17:804][  0]LogDerivedDataCache: Display: Pak cache opened for reading ../../../Engine/DerivedDataCache/Compressed.ddp.
[2020.01.04-19.00.17:804][  0]LogDerivedDataCache: FDerivedDataBackendGraph:  EnterprisePak pak cache file ../../../Enterprise/DerivedDataCache/Compressed.ddp not found, will not use a pak cache.
[2020.01.04-19.00.17:804][  0]LogDerivedDataCache: Unable to find inner node EnterprisePak for hierarchical cache Hierarchy.
[2020.01.04-19.00.17:817][  0]LogDerivedDataCache: Using Local data cache path C:/Users/JakeusMeakus/AppData/Local/UnrealEngine/Common/DerivedDataCache: Writable
[2020.01.04-19.00.17:817][  0]LogDerivedDataCache: Shared data cache path not found in *engine.ini, will not use an Shared cache.
[2020.01.04-19.00.17:817][  0]LogDerivedDataCache: Unable to find inner node Shared for hierarchical cache Hierarchy.
[2020.01.04-19.00.17:838][  0]LogMaterial: Verifying Global Shaders for PCD3D_SM5
[2020.01.04-19.00.17:839][  0]LogSlate: Using FreeType 2.6.0
[2020.01.04-19.00.17:840][  0]LogSlate: SlateFontServices - WITH_FREETYPE: 1, WITH_HARFBUZZ: 1
[2020.01.04-19.00.17:962][  0]LogAssetRegistry: FAssetRegistry took 0.0346 seconds to start up
[2020.01.04-19.00.18:421][  0]LogInit: Selected Device Profile: [Windows]
[2020.01.04-19.00.18:563][  0]LogMeshReduction: Using QuadricMeshReduction for automatic static mesh reduction
[2020.01.04-19.00.18:563][  0]LogMeshReduction: Using SimplygonMeshReduction for automatic skeletal mesh reduction
[2020.01.04-19.00.18:563][  0]LogMeshReduction: Using ProxyLODMeshReduction for automatic mesh merging
[2020.01.04-19.00.18:563][  0]LogMeshReduction: No distributed automatic mesh merging module available
[2020.01.04-19.00.18:563][  0]LogMeshMerging: No distributed automatic mesh merging module available
[2020.01.04-19.00.18:574][  0]LogNetVersion: Networking 1.0.0, NetCL: 5660361, EngineNetVer: 10, GameNetVer: 0 (Checksum: 1033761094)
[2020.01.04-19.00.18:990][  0]LogPackageLocalizationCache: Processed 10 localized package path(s) for 1 prioritized culture(s) in 0.036611 seconds
[2020.01.04-19.00.18:997][  0]LogUObjectArray: 42205 objects as part of root set at end of initial load.
[2020.01.04-19.00.18:997][  0]LogUObjectAllocator: 7325032 out of 0 bytes used by permanent object pool.
[2020.01.04-19.00.18:997][  0]LogUObjectArray: CloseDisregardForGC: 0/0 objects in disregard for GC pool
[2020.01.04-19.00.20:259][  0]LogTcpMessaging: Initializing TcpMessaging bridge
[2020.01.04-19.00.20:273][  0]LogUdpMessaging: Initializing bridge on interface 0.0.0.0:0 to multicast group 230.0.0.1:6666.
[2020.01.04-19.00.20:384][  0]SourceControl: Source control is disabled
[2020.01.04-19.00.20:385][  0]SourceControl: Source control is disabled
[2020.01.04-19.00.20:386][  0]SourceControl: Source control is disabled
[2020.01.04-19.00.20:387][  0]SourceControl: Source control is disabled
[2020.01.04-19.00.20:482][  0]LogAndroidPermission: UAndroidPermissionCallbackProxy::GetInstance
[2020.01.04-19.00.20:839][  0]LogOcInput: OculusInput pre-init called
[2020.01.04-19.00.21:903][  0]LogEngine: Initializing Engine...
[2020.01.04-19.00.21:904][  0]LogHMD: Failed to initialize OpenVR with code 110
[2020.01.04-19.00.21:905][  0]LogStats: UGameplayTagsManager::InitializeManager -  0.000 s
[2020.01.04-19.00.22:108][  0]LogInit: Initializing FReadOnlyCVARCache
[2020.01.04-19.00.22:124][  0]LogAIModule: Creating AISystem for world Untitled
[2020.01.04-19.00.22:233][  0]LogInit: XAudio2 using 'Speakers (Realtek High Definition Audio)' : 2 channels at 48 kHz using 16 bits per sample (channel mask 0x3)
[2020.01.04-19.00.22:268][  0]LogInit: FAudioDevice initialized.
[2020.01.04-19.00.22:268][  0]LogNetVersion: Set ProjectVersion to 1.0.0.0. Version Checksum will be recalculated on next use.
[2020.01.04-19.00.22:430][  0]LogDerivedDataCache: Saved boot cache 0.16s 71MB C:/Users/JakeusMeakus/AppData/Local/UnrealEngine/4.22/DerivedDataCache/Boot.ddc.
[2020.01.04-19.00.22:434][  0]LogInit: Texture streaming: Enabled
[2020.01.04-19.00.22:462][  0]LogEngineSessionManager: EngineSessionManager initialized
[2020.01.04-19.00.22:462][  0]LogEngineSessionManager: EngineSessionManager sent abnormal shutdown report. Type=Crashed, SessionId={8F46EA7F-416E-A9C0-CA5B-E4BFDD5C2C11}
[2020.01.04-19.00.22:485][  0]LogInit: Transaction tracking system initialized
[2020.01.04-19.00.22:516][  0]BlueprintLog: New page: Editor Load
[2020.01.04-19.00.22:619][  0]LocalizationService: Localization service is disabled
[2020.01.04-19.00.22:918][  0]LogCook: Display: Max memory allowance for cook 16384mb min free memory 0mb
[2020.01.04-19.00.22:918][  0]LogCook: Display: Mobile HDR setting 1
[2020.01.04-19.00.22:944][  0]LogFileCache: Scanning file cache for directory 'C:/Users/JakeusMeakus/Documents/GitHub/PythonNetworking/Networking/Content/' took 0.02s
[2020.01.04-19.00.23:137][  0]SourceControl: Source control is disabled
[2020.01.04-19.00.23:284][  0]LogSlate: Took 0.000300 seconds to synchronously load lazily loaded font '../../../Engine/Content/Slate/Fonts/Roboto-Regular.ttf' (155K)
[2020.01.04-19.00.45:455][  0]LogSlate: Window 'Restore Packages' being destroyed
[2020.01.04-19.00.45:456][  0]LogWindowsTextInputMethodSystem: Display: IME system now deactivated.
[2020.01.04-19.00.45:461][  0]LogWindowsTextInputMethodSystem: Display: IME system now deactivated.
[2020.01.04-19.03.17:129][  0]LogSlate: Window 'Unable to Check Out From Source Control!' being destroyed
[2020.01.04-19.03.17:130][  0]LogWindowsTextInputMethodSystem: Display: IME system now deactivated.
[2020.01.04-19.03.17:134][  0]LogWindowsTextInputMethodSystem: Display: IME system now deactivated.
[2020.01.04-19.03.17:152][  0]Cmd: MAP LOAD FILE="C:/Users/JakeusMeakus/Documents/GitHub/PythonNetworking/Networking/Content/StarterContent/Maps/Minimal_Default.umap" TEMPLATE=0 SHOWPROGRESS=1 FEATURELEVEL=3
[2020.01.04-19.03.17:153][  0]LightingResults: New page: Lighting Build
[2020.01.04-19.03.17:157][  0]MapCheck: New page: Map Check
[2020.01.04-19.03.17:157][  0]LightingResults: New page: Lighting Build
[2020.01.04-19.03.17:197][  0]LogUObjectHash: Compacting FUObjectHashTables data took   2.31ms
[2020.01.04-19.03.17:277][  0]LogBlueprint: Error: [Compiler HighScoreUI] The type of  Object  is undetermined.  Connect something to  Cast To ScoreTracker  to imply a specific type.
[2020.01.04-19.03.17:277][  0]LogBlueprint: Error: [Compiler HighScoreUI] The current value of the ' Object ' pin is invalid: Unsupported type Wildcard on pin Object
[2020.01.04-19.03.17:278][  0]LogBlueprint: Warning: [Compiler HighScoreUI] [0186.10] Compile of HighScoreUI failed. 2 Fatal Issue(s) 0 Warning(s) [in 2 ms] (/Game/HighScoreUI.HighScoreUI)
[2020.01.04-19.03.17:315][  0]LogAIModule: Creating AISystem for world Minimal_Default
[2020.01.04-19.03.17:323][  0]LogEditorServer: Finished looking for orphan Actors (0.000 secs)
[2020.01.04-19.03.17:351][  0]LogUObjectHash: Compacting FUObjectHashTables data took   2.13ms
[2020.01.04-19.03.17:351][  0]Cmd: MAP CHECKDEP NOCLEARLOG
[2020.01.04-19.03.17:352][  0]MapCheck: Map check complete: 0 Error(s), 0 Warning(s), took 0.277ms to complete.
[2020.01.04-19.03.17:352][  0]LogFileHelpers: Loading map 'Minimal_Default' took 0.200
[2020.01.04-19.03.17:433][  0]LogSlate: Updating window title bar state: overlay mode, drag disabled, window buttons hidden, title bar hidden
[2020.01.04-19.03.17:440][  0]LogSlate: Updating window title bar state: overlay mode, drag disabled, window buttons hidden, title bar hidden
[2020.01.04-19.03.17:448][  0]LogSlate: Updating window title bar state: overlay mode, drag disabled, window buttons hidden, title bar hidden
[2020.01.04-19.03.17:456][  0]LogSlate: Updating window title bar state: overlay mode, drag disabled, window buttons hidden, title bar hidden
[2020.01.04-19.03.17:465][  0]LogCollectionManager: Loaded 0 collections in 0.002668 seconds
[2020.01.04-19.03.17:482][  0]LogFileCache: Scanning file cache for directory 'C:/Users/JakeusMeakus/Documents/GitHub/PythonNetworking/Networking/Saved/Collections/' took 0.01s
[2020.01.04-19.03.17:482][  0]LogFileCache: Scanning file cache for directory 'C:/Users/JakeusMeakus/Documents/GitHub/PythonNetworking/Networking/Content/Developers/JakeusMeakus/Collections/' took 0.00s
[2020.01.04-19.03.17:482][  0]LogFileCache: Scanning file cache for directory 'C:/Users/JakeusMeakus/Documents/GitHub/PythonNetworking/Networking/Content/Collections/' took 0.00s
[2020.01.04-19.03.17:482][  0]LogCollectionManager: Rebuilt the GUID cache for 0 collections in 0.000000 seconds
[2020.01.04-19.03.17:490][  0]LogContentBrowser: Native class hierarchy populated in 0.0082 seconds. Added 2732 classes and 659 folders.
[2020.01.04-19.03.17:498][  0]LogContentBrowser: Native class hierarchy updated for 'WidgetCarousel' in 0.0003 seconds. Added 0 classes and 0 folders.
[2020.01.04-19.03.17:501][  0]LogPakFile: Registered encryption key '00000000000000000000000000000000': 0 pak files mounted, 0 remain pending
[2020.01.04-19.03.17:502][  0]LogPakFile: Registered encryption key '00000000000000000000000000000000': 0 pak files mounted, 0 remain pending
[2020.01.04-19.03.17:503][  0]LogPakFile: Registered encryption key '00000000000000000000000000000000': 0 pak files mounted, 0 remain pending
[2020.01.04-19.03.17:505][  0]LogPakFile: Registered encryption key '00000000000000000000000000000000': 0 pak files mounted, 0 remain pending
[2020.01.04-19.03.17:506][  0]LogPakFile: Registered encryption key '00000000000000000000000000000000': 0 pak files mounted, 0 remain pending
[2020.01.04-19.03.17:507][  0]LogPakFile: Registered encryption key '00000000000000000000000000000000': 0 pak files mounted, 0 remain pending
[2020.01.04-19.03.17:508][  0]LogPakFile: Registered encryption key '00000000000000000000000000000000': 0 pak files mounted, 0 remain pending
[2020.01.04-19.03.17:509][  0]LogPakFile: Registered encryption key '00000000000000000000000000000000': 0 pak files mounted, 0 remain pending
[2020.01.04-19.03.17:510][  0]LogPakFile: Registered encryption key '00000000000000000000000000000000': 0 pak files mounted, 0 remain pending
[2020.01.04-19.03.17:511][  0]LogPakFile: Registered encryption key '00000000000000000000000000000000': 0 pak files mounted, 0 remain pending
[2020.01.04-19.03.17:512][  0]LogPakFile: Registered encryption key '00000000000000000000000000000000': 0 pak files mounted, 0 remain pending
[2020.01.04-19.03.17:512][  0]LogPakFile: Registered encryption key '00000000000000000000000000000000': 0 pak files mounted, 0 remain pending
[2020.01.04-19.03.17:513][  0]LogPakFile: Registered encryption key '00000000000000000000000000000000': 0 pak files mounted, 0 remain pending
[2020.01.04-19.03.17:515][  0]LogPakFile: Registered encryption key '00000000000000000000000000000000': 0 pak files mounted, 0 remain pending
[2020.01.04-19.03.17:516][  0]LogPakFile: Registered encryption key '00000000000000000000000000000000': 0 pak files mounted, 0 remain pending
[2020.01.04-19.03.17:516][  0]LogPakFile: Registered encryption key '00000000000000000000000000000000': 0 pak files mounted, 0 remain pending
[2020.01.04-19.03.17:518][  0]LogPakFile: Registered encryption key '00000000000000000000000000000000': 0 pak files mounted, 0 remain pending
[2020.01.04-19.03.17:519][  0]LogPakFile: Registered encryption key '00000000000000000000000000000000': 0 pak files mounted, 0 remain pending
[2020.01.04-19.03.17:519][  0]LogPakFile: Registered encryption key '00000000000000000000000000000000': 0 pak files mounted, 0 remain pending
[2020.01.04-19.03.17:520][  0]LogPakFile: Registered encryption key '00000000000000000000000000000000': 0 pak files mounted, 0 remain pending
[2020.01.04-19.03.17:521][  0]LogPakFile: Registered encryption key '00000000000000000000000000000000': 0 pak files mounted, 0 remain pending
[2020.01.04-19.03.17:522][  0]LogPakFile: Registered encryption key '00000000000000000000000000000000': 0 pak files mounted, 0 remain pending
[2020.01.04-19.03.17:523][  0]LogPakFile: Registered encryption key '00000000000000000000000000000000': 0 pak files mounted, 0 remain pending
[2020.01.04-19.03.17:524][  0]LogPakFile: Registered encryption key '00000000000000000000000000000000': 0 pak files mounted, 0 remain pending
[2020.01.04-19.03.17:525][  0]LogPakFile: Registered encryption key '00000000000000000000000000000000': 0 pak files mounted, 0 remain pending
[2020.01.04-19.03.17:526][  0]LogPakFile: Registered encryption key '00000000000000000000000000000000': 0 pak files mounted, 0 remain pending
[2020.01.04-19.03.17:636][  0]LogContentBrowser: Native class hierarchy updated for 'AddContentDialog' in 0.0003 seconds. Added 0 classes and 0 folders.
[2020.01.04-19.03.17:642][  0]LogContentBrowser: Native class hierarchy updated for 'SceneOutliner' in 0.0003 seconds. Added 1 classes and 2 folders.
[2020.01.04-19.03.17:683][  0]LogSlate: Took 0.000514 seconds to synchronously load lazily loaded font '../../../Engine/Content/Slate/Fonts/Roboto-Bold.ttf' (160K)
[2020.01.04-19.03.17:688][  0]LogSlate: Took 0.000355 seconds to synchronously load lazily loaded font '../../../Engine/Content/Editor/Slate/Fonts/FontAwesome.ttf' (139K)
[2020.01.04-19.03.17:734][  0]LogRenderer: Reallocating scene render targets to support 1616x600 Format 10 NumSamples 1 (Frame:1).
[2020.01.04-19.03.17:785][  0]LogSlate: Took 0.000452 seconds to synchronously load lazily loaded font '../../../Engine/Content/Slate/Fonts/Roboto-Light.ttf' (167K)
[2020.01.04-19.03.17:911][  0]LogContentBrowser: Native class hierarchy updated for 'HierarchicalLODOutliner' in 0.0003 seconds. Added 0 classes and 0 folders.
[2020.01.04-19.03.17:911][  0]LogLoad: (Engine Initialization) Total time: 186.74 seconds
[2020.01.04-19.03.17:911][  0]LogLoad: (Engine Initialization) Total Blueprint compile time: 0.00 seconds
[2020.01.04-19.03.17:943][  0]LogAssetRegistry: Asset discovery search completed in 180.0046 seconds
[2020.01.04-19.03.17:946][  0]LogCollectionManager: Rebuilt the object cache for 0 collections in 0.000000 seconds (found 0 objects)
[2020.01.04-19.03.17:946][  0]LogCollectionManager: Fixed up redirectors for 0 collections in 0.000059 seconds (updated 0 objects)
[2020.01.04-19.03.17:953][  0]LogContentStreaming: Texture pool size now 1000 MB
[2020.01.04-19.03.18:929][110]LogSlate: Took 0.000382 seconds to synchronously load lazily loaded font '../../../Engine/Content/Slate/Fonts/Roboto-Light.ttf' (167K)
[2020.01.04-19.04.59:323][145]LogSlate: FSceneViewport::OnFocusLost() reason 2
[2020.01.04-19.05.02:600][358]LogSlate: Window 'Message Log' being destroyed
[2020.01.04-19.05.04:499][586]LogSlate: FSceneViewport::OnFocusLost() reason 0
[2020.01.04-19.05.06:831][864]LogAssetEditorManager: Opening Asset editor for WidgetBlueprint /Game/HighScoreUI.HighScoreUI
[2020.01.04-19.05.07:078][864]LogContentBrowser: Native class hierarchy updated for 'BlueprintGraph' in 0.0006 seconds. Added 121 classes and 0 folders.
[2020.01.04-19.05.07:785][864]LogBlueprintActionDatabase: Requesting refresh due to module change: SequencerWidgets (loaded)
[2020.01.04-19.05.07:822][864]LogAssetEditorManager: Opening Asset editor for Blueprint /Game/ScoreTracker.ScoreTracker
[2020.01.04-19.05.08:403][864]LogSlate: Took 0.000579 seconds to synchronously load lazily loaded font '../../../Engine/Content/Slate/Fonts/Roboto-BoldCondensed.ttf' (158K)
[2020.01.04-19.05.12:289][286]LogSlate: Window 'HighScoreUI' being destroyed
[2020.01.04-19.05.19:306][127]BlueprintLog: New page: Compile HighScoreUI
[2020.01.04-19.05.19:314][127]LogBlueprint: Error: [Compiler HighScoreUI] The type of  Object  is undetermined.  Connect something to  Cast To ScoreTracker  to imply a specific type.
[2020.01.04-19.05.19:314][127]LogBlueprint: Error: [Compiler HighScoreUI] The current value of the ' Object ' pin is invalid: Unsupported type Wildcard on pin Object
[2020.01.04-19.05.19:372][127]LogUObjectHash: Compacting FUObjectHashTables data took   5.92ms
[2020.01.04-19.05.19:378][127]LogBlueprint: Warning: [Compiler HighScoreUI] [0308.20] Compile of HighScoreUI failed. 2 Fatal Issue(s) 0 Warning(s) [in 71 ms] (/Game/HighScoreUI.HighScoreUI)
[2020.01.04-19.05.39:123][477]BlueprintLog: New page: Compile ScoreTracker
[2020.01.04-19.05.39:295][477]LogUObjectHash: Compacting FUObjectHashTables data took   3.84ms
[2020.01.04-19.05.40:022][556]Cmd: OBJ SAVEPACKAGE PACKAGE="/Game/ScoreTracker" FILE="C:/Users/JakeusMeakus/Documents/GitHub/PythonNetworking/Networking/Content/ScoreTracker.uasset" SILENT=true
[2020.01.04-19.05.40:037][556]LogSavePackage: Moving 'C:/Users/JakeusMeakus/Documents/GitHub/PythonNetworking/Networking/Saved/ScoreTracker07BEA013463C6B78266F788411F3137E.tmp' to 'C:/Users/JakeusMeakus/Documents/GitHub/PythonNetworking/Networking/Content/ScoreTracker.uasset'
[2020.01.04-19.05.44:342][ 69]BlueprintLog: New page: Compile HighScoreUI
[2020.01.04-19.05.44:346][ 69]LogBlueprint: Error: [Compiler HighScoreUI] The type of  Object  is undetermined.  Connect something to  Cast To ScoreTracker  to imply a specific type.
[2020.01.04-19.05.44:346][ 69]LogBlueprint: Error: [Compiler HighScoreUI] The current value of the ' Object ' pin is invalid: Unsupported type Wildcard on pin Object
[2020.01.04-19.05.44:381][ 69]LogUObjectHash: Compacting FUObjectHashTables data took   3.60ms
[2020.01.04-19.05.44:386][ 69]LogBlueprint: Warning: [Compiler HighScoreUI] [0333.21] Compile of HighScoreUI failed. 2 Fatal Issue(s) 0 Warning(s) [in 43 ms] (/Game/HighScoreUI.HighScoreUI)
[2020.01.04-19.08.31:123][890]BlueprintLog: New page: Compile HighScoreUI
[2020.01.04-19.08.31:163][890]LogUObjectHash: Compacting FUObjectHashTables data took   3.78ms
[2020.01.04-19.08.34:319][267]LogTemp: Repeating last play command: Selected Viewport
[2020.01.04-19.08.34:332][267]LogBlueprintUserMessages: Early PlayInEditor Detection: Level '/Game/StarterContent/Maps/Minimal_Default.Minimal_Default:PersistentLevel' has LevelScriptBlueprint '/Game/StarterContent/Maps/Minimal_Default.Minimal_Default:PersistentLevel.Minimal_Default' with GeneratedClass '/Game/StarterContent/Maps/Minimal_Default.Minimal_Default_C' with ClassGeneratedBy '/Game/StarterContent/Maps/Minimal_Default.Minimal_Default:PersistentLevel.Minimal_Default'
[2020.01.04-19.08.34:332][267]LogPlayLevel: PlayLevel: No blueprints needed recompiling
[2020.01.04-19.08.34:333][267]PIE: New page: PIE session: Minimal_Default (4 Jan 2020 19:08:34)
[2020.01.04-19.08.34:346][267]LogPlayLevel: Creating play world package: /Game/StarterContent/Maps/UEDPIE_0_Minimal_Default
[2020.01.04-19.08.34:349][267]LogPlayLevel: PIE: StaticDuplicateObject took: (0.003127s)
[2020.01.04-19.08.34:350][267]LogAIModule: Creating AISystem for world Minimal_Default
[2020.01.04-19.08.34:350][267]LogPlayLevel: PIE: World Init took: (0.000710s)
[2020.01.04-19.08.34:350][267]LogPlayLevel: PIE: Created PIE world by copying editor world from /Game/StarterContent/Maps/Minimal_Default.Minimal_Default to /Game/StarterContent/Maps/UEDPIE_0_Minimal_Default.Minimal_Default (0.004234s)
[2020.01.04-19.08.34:386][267]LogUObjectHash: Compacting FUObjectHashTables data took   4.14ms
[2020.01.04-19.08.34:484][267]LogInit: XAudio2 using 'Speakers (Realtek High Definition Audio)' : 2 channels at 48 kHz using 16 bits per sample (channel mask 0x3)
[2020.01.04-19.08.34:510][267]LogInit: FAudioDevice initialized.
[2020.01.04-19.08.34:524][267]LogSlate: Updating window title bar state: overlay mode, drag disabled, window buttons hidden, title bar hidden
[2020.01.04-19.08.34:568][267]LogLoad: Game class is 'GameModeBase'
[2020.01.04-19.08.34:569][267]LogWorld: Bringing World /Game/StarterContent/Maps/UEDPIE_0_Minimal_Default.Minimal_Default up for play (max tick rate 0) at 2020.01.04-19.08.34
[2020.01.04-19.08.34:569][267]LogWorld: Bringing up level for play took: 0.000697
[2020.01.04-19.08.34:587][267]LogBlueprintActionDatabase: Requesting refresh due to module change: Voice (loaded)
[2020.01.04-19.08.34:592][267]LogBlueprintActionDatabase: Requesting refresh due to module change: MovieSceneCapture (loaded)
[2020.01.04-19.08.34:593][267]LogContentBrowser: Native class hierarchy updated for 'MovieSceneCapture' in 0.0004 seconds. Added 20 classes and 0 folders.
[2020.01.04-19.08.34:595][267]PIE: Play in editor start time for /Game/StarterContent/Maps/UEDPIE_0_Minimal_Default 0.397
[2020.01.04-19.08.34:595][267]LogBlueprintUserMessages: Late PlayInEditor Detection: Level '/Game/StarterContent/Maps/Minimal_Default.Minimal_Default:PersistentLevel' has LevelScriptBlueprint '/Game/StarterContent/Maps/Minimal_Default.Minimal_Default:PersistentLevel.Minimal_Default' with GeneratedClass '/Game/StarterContent/Maps/Minimal_Default.Minimal_Default_C' with ClassGeneratedBy '/Game/StarterContent/Maps/Minimal_Default.Minimal_Default:PersistentLevel.Minimal_Default'
[2020.01.04-19.08.34:895][269]LogRenderer: Reallocating scene render targets to support 1616x688 Format 10 NumSamples 1 (Frame:1).
[2020.01.04-19.08.39:579][827]LogBlueprintUserMessages: Early EndPlayMap Detection: Level '/Game/StarterContent/Maps/Minimal_Default.Minimal_Default:PersistentLevel' has LevelScriptBlueprint '/Game/StarterContent/Maps/Minimal_Default.Minimal_Default:PersistentLevel.Minimal_Default' with GeneratedClass '/Game/StarterContent/Maps/Minimal_Default.Minimal_Default_C' with ClassGeneratedBy '/Game/StarterContent/Maps/Minimal_Default.Minimal_Default:PersistentLevel.Minimal_Default'
[2020.01.04-19.08.39:580][827]LogSlate: Updating window title bar state: overlay mode, drag disabled, window buttons hidden, title bar hidden
[2020.01.04-19.08.39:584][827]LogSlate: Window 'Networking Game Preview Standalone (64-bit/PCD3D_SM5)' being destroyed
[2020.01.04-19.08.39:623][827]LogPlayLevel: Display: Shutting down PIE online subsystems
[2020.01.04-19.08.39:623][827]LogBlueprintUserMessages: Late EndPlayMap Detection: Level '/Game/StarterContent/Maps/Minimal_Default.Minimal_Default:PersistentLevel' has LevelScriptBlueprint '/Game/StarterContent/Maps/Minimal_Default.Minimal_Default:PersistentLevel.Minimal_Default' with GeneratedClass '/Game/StarterContent/Maps/Minimal_Default.Minimal_Default_C' with ClassGeneratedBy '/Game/StarterContent/Maps/Minimal_Default.Minimal_Default:PersistentLevel.Minimal_Default'
[2020.01.04-19.08.39:712][827]LogUObjectHash: Compacting FUObjectHashTables data took   5.55ms
[2020.01.04-19.08.39:725][828]LogPlayLevel: Display: Destroying online subsystem :Context_4
[2020.01.04-19.13.23:111][798]LogUObjectHash: Compacting FUObjectHashTables data took   3.82ms
[2020.01.04-19.13.23:111][798]LogFileHelpers: Editor autosave (incl. sublevels) for '/Game/StarterContent/Maps/Minimal_Default' took 0.060
[2020.01.04-19.13.23:113][798]OBJ SavePackage: Generating thumbnails for [0] asset(s) in package [/Game/HighScoreUI] ([1] browsable assets)...
[2020.01.04-19.13.23:113][798]OBJ SavePackage: Finished generating thumbnails for package [/Game/HighScoreUI]
[2020.01.04-19.13.23:113][798]Cmd: OBJ SAVEPACKAGE PACKAGE="/Game/HighScoreUI" FILE="C:/Users/JakeusMeakus/Documents/GitHub/PythonNetworking/Networking/Saved/Autosaves/Game/HighScoreUI_Auto1.uasset" SILENT=false AUTOSAVING=true
[2020.01.04-19.13.23:132][798]LogSavePackage: Moving 'C:/Users/JakeusMeakus/Documents/GitHub/PythonNetworking/Networking/Saved/HighScoreUI_Auto1EF9E75274195135D316A4C95D73B86E9.tmp' to 'C:/Users/JakeusMeakus/Documents/GitHub/PythonNetworking/Networking/Saved/Autosaves/Game/HighScoreUI_Auto1.uasset'
[2020.01.04-19.13.23:134][798]LogFileHelpers: Auto-saving content packages took 0.022
[2020.01.04-19.16.52:867][735]LogSlate: Took 0.000424 seconds to synchronously load lazily loaded font '../../../Engine/Content/Slate/Fonts/Roboto-Italic.ttf' (157K)
[2020.01.04-19.18.18:154][748]BlueprintLog: New page: Compile HighScoreUI
[2020.01.04-19.18.18:158][748]LogBlueprint: Error: [Compiler HighScoreUI] This blueprint (self) is not a ScoreTracker_C, therefore ' Target ' must have a connection.
[2020.01.04-19.18.18:196][748]LogUObjectHash: Compacting FUObjectHashTables data took   4.05ms
[2020.01.04-19.18.18:203][748]LogBlueprint: Warning: [Compiler HighScoreUI] [1087.03] Compile of HighScoreUI failed. 1 Fatal Issue(s) 0 Warning(s) [in 48 ms] (/Game/HighScoreUI.HighScoreUI)
[2020.01.04-19.19.25:220][605]BlueprintLog: New page: Compile HighScoreUI
[2020.01.04-19.19.25:223][605]LogBlueprint: Warning: [Compiler HighScoreUI] 'Score Tracker' does not inherit from 'Player Controller' ( Cast To ScoreTracker  would always fail).
[2020.01.04-19.19.25:261][605]LogUObjectHash: Compacting FUObjectHashTables data took   4.12ms
[2020.01.04-19.19.25:269][605]LogBlueprint: Warning: [Compiler HighScoreUI] [1154.10] Compile of HighScoreUI successful, but with 1 Warning(s) [in 49 ms] (/Game/HighScoreUI.HighScoreUI)
[2020.01.04-19.19.34:822][748]Cmd: OBJ SAVEPACKAGE PACKAGE="/Game/HighScoreUI" FILE="C:/Users/JakeusMeakus/Documents/GitHub/PythonNetworking/Networking/Content/HighScoreUI.uasset" SILENT=true
[2020.01.04-19.19.34:843][748]LogSavePackage: Moving 'C:/Users/JakeusMeakus/Documents/GitHub/PythonNetworking/Networking/Saved/HighScoreUI4B2408E84804F64144DE2DA61C757736.tmp' to 'C:/Users/JakeusMeakus/Documents/GitHub/PythonNetworking/Networking/Content/HighScoreUI.uasset'
[2020.01.04-19.23.23:371][969]LogUObjectHash: Compacting FUObjectHashTables data took   4.56ms
[2020.01.04-19.23.23:371][969]LogFileHelpers: Editor autosave (incl. sublevels) for '/Game/StarterContent/Maps/Minimal_Default' took 0.041
[2020.01.04-19.23.23:372][969]OBJ SavePackage: Generating thumbnails for [0] asset(s) in package [/Game/HighScoreUI] ([1] browsable assets)...
[2020.01.04-19.23.23:372][969]OBJ SavePackage: Finished generating thumbnails for package [/Game/HighScoreUI]
[2020.01.04-19.23.23:372][969]Cmd: OBJ SAVEPACKAGE PACKAGE="/Game/HighScoreUI" FILE="C:/Users/JakeusMeakus/Documents/GitHub/PythonNetworking/Networking/Saved/Autosaves/Game/HighScoreUI_Auto2.uasset" SILENT=false AUTOSAVING=true
[2020.01.04-19.23.23:392][969]LogSavePackage: Moving 'C:/Users/JakeusMeakus/Documents/GitHub/PythonNetworking/Networking/Saved/HighScoreUI_Auto2980D20974BF95A45FE9883A9312CCA5F.tmp' to 'C:/Users/JakeusMeakus/Documents/GitHub/PythonNetworking/Networking/Saved/Autosaves/Game/HighScoreUI_Auto2.uasset'
[2020.01.04-19.23.23:394][969]LogFileHelpers: Auto-saving content packages took 0.022
[2020.01.04-22.14.35:754][303]BlueprintLog: New page: Compile HighScoreUI
[2020.01.04-22.14.35:799][303]LogUObjectHash: Compacting FUObjectHashTables data took   4.63ms
[2020.01.04-22.16.05:711][897]LogUObjectHash: Compacting FUObjectHashTables data took   3.83ms
[2020.01.04-22.16.05:711][897]LogFileHelpers: Editor autosave (incl. sublevels) for '/Game/StarterContent/Maps/Minimal_Default' took 0.035
[2020.01.04-22.16.05:713][897]OBJ SavePackage: Generating thumbnails for [0] asset(s) in package [/Game/HighScoreUI] ([1] browsable assets)...
[2020.01.04-22.16.05:713][897]OBJ SavePackage: Finished generating thumbnails for package [/Game/HighScoreUI]
[2020.01.04-22.16.05:713][897]Cmd: OBJ SAVEPACKAGE PACKAGE="/Game/HighScoreUI" FILE="C:/Users/JakeusMeakus/Documents/GitHub/PythonNetworking/Networking/Saved/Autosaves/Game/HighScoreUI_Auto3.uasset" SILENT=false AUTOSAVING=true
[2020.01.04-22.16.05:732][897]LogSavePackage: Moving 'C:/Users/JakeusMeakus/Documents/GitHub/PythonNetworking/Networking/Saved/HighScoreUI_Auto39B75E26743CDDEB45FAC298ABE9EF57F.tmp' to 'C:/Users/JakeusMeakus/Documents/GitHub/PythonNetworking/Networking/Saved/Autosaves/Game/HighScoreUI_Auto3.uasset'
[2020.01.04-22.16.05:735][897]LogFileHelpers: Auto-saving content packages took 0.022
[2020.01.04-22.26.06:071][144]LogUObjectHash: Compacting FUObjectHashTables data took   4.08ms
[2020.01.04-22.26.06:071][144]LogFileHelpers: Editor autosave (incl. sublevels) for '/Game/StarterContent/Maps/Minimal_Default' took 0.040
[2020.01.04-22.26.06:072][144]OBJ SavePackage: Generating thumbnails for [0] asset(s) in package [/Game/HighScoreUI] ([1] browsable assets)...
[2020.01.04-22.26.06:073][144]OBJ SavePackage: Finished generating thumbnails for package [/Game/HighScoreUI]
[2020.01.04-22.26.06:073][144]Cmd: OBJ SAVEPACKAGE PACKAGE="/Game/HighScoreUI" FILE="C:/Users/JakeusMeakus/Documents/GitHub/PythonNetworking/Networking/Saved/Autosaves/Game/HighScoreUI_Auto4.uasset" SILENT=false AUTOSAVING=true
[2020.01.04-22.26.06:094][144]LogSavePackage: Moving 'C:/Users/JakeusMeakus/Documents/GitHub/PythonNetworking/Networking/Saved/HighScoreUI_Auto44BF89AC445F1B0D500D39D99EB966A78.tmp' to 'C:/Users/JakeusMeakus/Documents/GitHub/PythonNetworking/Networking/Saved/Autosaves/Game/HighScoreUI_Auto4.uasset'
[2020.01.04-22.26.06:096][144]LogFileHelpers: Auto-saving content packages took 0.024
[2020.01.04-22.48.37:954][197]BlueprintLog: New page: Compile HighScoreUI
[2020.01.04-22.48.37:996][197]LogUObjectHash: Compacting FUObjectHashTables data took   3.81ms
[2020.01.04-22.48.40:846][526]LogUObjectHash: Compacting FUObjectHashTables data took   3.95ms
[2020.01.04-22.48.41:004][526]LogSavePackage: Moving 'C:/Users/JakeusMeakus/Documents/GitHub/PythonNetworking/Networking/Saved/Minimal_DefaultB5C2409A48D9D8917A8F24A2A94203F5.tmp' to 'C:/Users/JakeusMeakus/Documents/GitHub/PythonNetworking/Networking/Content/StarterContent/Maps/Minimal_Default.umap'
[2020.01.04-22.48.41:063][526]LogSavePackage: Moving 'C:/Users/JakeusMeakus/Documents/GitHub/PythonNetworking/Networking/Saved/Minimal_Default_BuiltDataBD132A8E4B56F1A870C3199CE2F5824B.tmp' to 'C:/Users/JakeusMeakus/Documents/GitHub/PythonNetworking/Networking/Content/StarterContent/Maps/Minimal_Default_BuiltData.uasset'
[2020.01.04-22.48.42:988][747]LogUObjectHash: Compacting FUObjectHashTables data took   3.28ms
[2020.01.04-22.48.43:002][747]Cmd: OBJ SAVEPACKAGE PACKAGE="/Game/HighScoreUI" FILE="C:/Users/JakeusMeakus/Documents/GitHub/PythonNetworking/Networking/Content/HighScoreUI.uasset" SILENT=true
[2020.01.04-22.48.43:021][747]LogSavePackage: Moving 'C:/Users/JakeusMeakus/Documents/GitHub/PythonNetworking/Networking/Saved/HighScoreUI88115DBE4698175AEC1E52956F2CE657.tmp' to 'C:/Users/JakeusMeakus/Documents/GitHub/PythonNetworking/Networking/Content/HighScoreUI.uasset'
